2016-02-01 13:02:00 : BlueStacks supported version 2 not found
2016-02-01 13:02:00 : Serious error has occurred: Cannot find Droid4X:
2016-02-01 13:02:00 : C:\Program Files (x86)\Droid4X\Droid4X.exe
2016-02-01 13:02:00 : Serious error has occurred: Cannot find MEmu:
2016-02-01 13:02:00 : C:\Program Files (x86)\Microvirt\MEmu\MEmu.exe
2016-02-01 13:02:01 : Detected System Locale: Italian
2016-02-01 13:02:01 : Language file Italian.ini found in C:\Users\d.episcopo\Dropbox\Dario-Work\mbr ko mod\MyBot-5.1.4-[kodino-MOD]-0.4.1\Languages\
2016-02-01 13:02:04 : Found installed BlueStacks 0.9.23.5302
2016-02-01 13:02:04 : Android Emulator Configuration: BlueStacks
2016-02-01 13:02:04 :  Warning!! Display size smaller than recommended = 1366x768 +
2016-02-01 13:02:04 : + Remove Hide BS system bar or Full Screen App now ++
2016-02-01 13:02:04 : +++++++ MBR will attempt auto adjust BS size ++++++++
2016-02-01 13:02:04 : + Close all BS process and restart may be required ++
2016-02-01 13:02:04 : ++++++ Search MyBot.run forums if any problems ++++++
2016-02-01 13:02:04 :  
2016-02-01 13:02:05 : WELCOME CHIEF, YOU HAVE THE LATEST VERSION OF THE BOT
2016-02-01 13:02:05 :  
2016-02-01 13:02:05 : Lots of improvements and new scripted attack in this 
2016-02-01 13:02:05 : version.
2016-02-01 13:02:05 : Be sure to check out the changelog on our forums.
2016-02-01 13:02:05 : 
2016-02-01 13:02:05 : - Don't be a stranger, stop by our community forums 
2016-02-01 13:02:05 : and join in on the revolution
2016-02-01 13:02:05 : 
2016-02-01 13:02:05 : https://mybot.run
2016-02-01 13:02:05 : 
2016-02-01 13:02:05 :  Always free and open source.
2016-02-01 13:31:15 : Closing My Bot v5.1.4 (BlueStacks) ...
